# JRE version: OpenJDK Runtime Environment Temurin-17.0.5+8 (17.0.5+8) (build 17.0.5+8)
# Java VM: OpenJDK 64-Bit Server VM Temurin-17.0.5+8 (17.0.5+8, mixed mode, tiered, compressed oops, compressed class ptrs, parallel gc, windows-amd64)
GC Precious Log:
 CPUs: 4 total, 4 available
 Memory: 4004M
 Large Page Support: Disabled
 NUMA Support: Disabled
 Compressed Oops: Enabled (32-bit)
 Alignments: Space 512K, Generation 512K, Heap 2M
 Heap Min Capacity: 100M
 Heap Initial Capacity: 100M
 Heap Max Capacity: 1G
 Pre-touch: Disabled
 Parallel Workers: 4
Heap:
 PSYoungGen      total 6656K, used 1860K [0x00000000eab00000, 0x00000000eb400000, 0x0000000100000000)
  eden space 4608K, 3% used [0x00000000eab00000,0x00000000eab293d8,0x00000000eaf80000)
  from space 2048K, 82% used [0x00000000eb200000,0x00000000eb3a7c80,0x00000000eb400000)
  to   space 2048K, 0% used [0x00000000eb000000,0x00000000eb000000,0x00000000eb200000)
 ParOldGen       total 147456K, used 114270K [0x00000000c0000000, 0x00000000c9000000, 0x00000000eab00000)
  object space 147456K, 77% used [0x00000000c0000000,0x00000000c6f97a48,0x00000000c9000000)
 Metaspace       used 78967K, committed 80192K, reserved 1122304K
  class space    used 7872K, committed 8384K, reserved 1048576K
GC Heap History (20 events):
Event: 102.607 GC heap before
{Heap before GC invocations=944 (full 29):
 PSYoungGen      total 7168K, used 2545K [0x00000000eab00000, 0x00000000eba80000, 0x0000000100000000)
  eden space 4608K, 0% used [0x00000000eab00000,0x00000000eab00000,0x00000000eaf80000)
  from space 2560K, 99% used [0x00000000eb400000,0x00000000eb67c7d8,0x00000000eb680000)
  to   space 4608K, 0% used [0x00000000eaf80000,0x00000000eaf80000,0x00000000eb400000)
 ParOldGen       total 135680K, used 134793K [0x00000000c0000000, 0x00000000c8480000, 0x00000000eab00000)
  object space 135680K, 99% used [0x00000000c0000000,0x00000000c83a2708,0x00000000c8480000)
 Metaspace       used 78933K, committed 80128K, reserved 1122304K
  class space    used 7870K, committed 8384K, reserved 1048576K
}
Event: 102.774 GC heap after
{Heap after GC invocations=944 (full 29):
 PSYoungGen      total 9216K, used 0K [0x00000000eab00000, 0x00000000eb880000, 0x0000000100000000)
  eden space 4608K, 0% used [0x00000000eab00000,0x00000000eab00000,0x00000000eaf80000)
  from space 4608K, 0% used [0x00000000eaf80000,0x00000000eaf80000,0x00000000eb400000)
  to   space 4608K, 0% used [0x00000000eb400000,0x00000000eb400000,0x00000000eb880000)
 ParOldGen       total 147968K, used 111325K [0x00000000c0000000, 0x00000000c9080000, 0x00000000eab00000)
  object space 147968K, 75% used [0x00000000c0000000,0x00000000c6cb7470,0x00000000c9080000)
 Metaspace       used 78933K, committed 80128K, reserved 1122304K
  class space    used 7870K, committed 8384K, reserved 1048576K
}
Event: 102.848 GC heap before
{Heap before GC invocations=945 (full 29):
 PSYoungGen      total 9216K, used 4608K [0x00000000eab00000, 0x00000000eb880000, 0x0000000100000000)
  eden space 4608K, 100% used [0x00000000eab00000,0x00000000eaf80000,0x00000000eaf80000)
  from space 4608K, 0% used [0x00000000eaf80000,0x00000000eaf80000,0x00000000eb400000)
  to   space 4608K, 0% used [0x00000000eb400000,0x00000000eb400000,0x00000000eb880000)
 ParOldGen       total 147968K, used 111325K [0x00000000c0000000, 0x00000000c9080000, 0x00000000eab00000)
  object space 147968K, 75% used [0x00000000c0000000,0x00000000c6cb7470,0x00000000c9080000)
 Metaspace       used 78935K, committed 80128K, reserved 1122304K
  class space    used 7870K, committed 8384K, reserved 1048576K
}
Event: 102.851 GC heap after
{Heap after GC invocations=945 (full 29):
 PSYoungGen      total 5632K, used 832K [0x00000000eab00000, 0x00000000eb500000, 0x0000000100000000)
  eden space 4608K, 0% used [0x00000000eab00000,0x00000000eab00000,0x00000000eaf80000)
  from space 1024K, 81% used [0x00000000eb400000,0x00000000eb4d0000,0x00000000eb500000)
  to   space 2048K, 0% used [0x00000000eb100000,0x00000000eb100000,0x00000000eb300000)
 ParOldGen       total 147968K, used 111325K [0x00000000c0000000, 0x00000000c9080000, 0x00000000eab00000)
  object space 147968K, 75% used [0x00000000c0000000,0x00000000c6cb7470,0x00000000c9080000)
 Metaspace       used 78935K, committed 80128K, reserved 1122304K
  class space    used 7870K, committed 8384K, reserved 1048576K
}
Event: 102.915 GC heap before
{Heap before GC invocations=946 (full 29):
 PSYoungGen      total 5632K, used 5403K [0x00000000eab00000, 0x00000000eb500000, 0x0000000100000000)
  eden space 4608K, 99% used [0x00000000eab00000,0x00000000eaf76cd0,0x00000000eaf80000)
  from space 1024K, 81% used [0x00000000eb400000,0x00000000eb4d0000,0x00000000eb500000)
  to   space 2048K, 0% used [0x00000000eb100000,0x00000000eb100000,0x00000000eb300000)
 ParOldGen       total 147968K, used 111325K [0x00000000c0000000, 0x00000000c9080000, 0x00000000eab00000)
  object space 147968K, 75% used [0x00000000c0000000,0x00000000c6cb7470,0x00000000c9080000)
 Metaspace       used 78937K, committed 80128K, reserved 1122304K
  class space    used 7870K, committed 8384K, reserved 1048576K
}
Event: 102.917 GC heap after
{Heap after GC invocations=946 (full 29):
 PSYoungGen      total 6656K, used 1752K [0x00000000eab00000, 0x00000000eb480000, 0x0000000100000000)
  eden space 4608K, 0% used [0x00000000eab00000,0x00000000eab00000,0x00000000eaf80000)
  from space 2048K, 85% used [0x00000000eb100000,0x00000000eb2b6200,0x00000000eb300000)
  to   space 1536K, 0% used [0x00000000eb300000,0x00000000eb300000,0x00000000eb480000)
 ParOldGen       total 147968K, used 111325K [0x00000000c0000000, 0x00000000c9080000, 0x00000000eab00000)
  object space 147968K, 75% used [0x00000000c0000000,0x00000000c6cb7470,0x00000000c9080000)
 Metaspace       used 78937K, committed 80128K, reserved 1122304K
  class space    used 7870K, committed 8384K, reserved 1048576K
}
Event: 102.960 GC heap before
{Heap before GC invocations=947 (full 29):
 PSYoungGen      total 6656K, used 6360K [0x00000000eab00000, 0x00000000eb480000, 0x0000000100000000)
  eden space 4608K, 100% used [0x00000000eab00000,0x00000000eaf80000,0x00000000eaf80000)
  from space 2048K, 85% used [0x00000000eb100000,0x00000000eb2b6200,0x00000000eb300000)
  to   space 1536K, 0% used [0x00000000eb300000,0x00000000eb300000,0x00000000eb480000)
 ParOldGen       total 147968K, used 142045K [0x00000000c0000000, 0x00000000c9080000, 0x00000000eab00000)
  object space 147968K, 95% used [0x00000000c0000000,0x00000000c8ab74a0,0x00000000c9080000)
 Metaspace       used 78941K, committed 80128K, reserved 1122304K
  class space    used 7870K, committed 8384K, reserved 1048576K
}
Event: 102.963 GC heap after
{Heap after GC invocations=947 (full 29):
 PSYoungGen      total 6144K, used 1528K [0x00000000eab00000, 0x00000000eb480000, 0x0000000100000000)
  eden space 4608K, 0% used [0x00000000eab00000,0x00000000eab00000,0x00000000eaf80000)
  from space 1536K, 99% used [0x00000000eb300000,0x00000000eb47e0d0,0x00000000eb480000)
  to   space 2560K, 0% used [0x00000000eaf80000,0x00000000eaf80000,0x00000000eb200000)
 ParOldGen       total 147968K, used 142790K [0x00000000c0000000, 0x00000000c9080000, 0x00000000eab00000)
  object space 147968K, 96% used [0x00000000c0000000,0x00000000c8b71b98,0x00000000c9080000)
 Metaspace       used 78941K, committed 80128K, reserved 1122304K
  class space    used 7870K, committed 8384K, reserved 1048576K
}
Event: 103.011 GC heap before
{Heap before GC invocations=948 (full 29):
 PSYoungGen      total 6144K, used 6127K [0x00000000eab00000, 0x00000000eb480000, 0x0000000100000000)
  eden space 4608K, 99% used [0x00000000eab00000,0x00000000eaf7db50,0x00000000eaf80000)
  from space 1536K, 99% used [0x00000000eb300000,0x00000000eb47e0d0,0x00000000eb480000)
  to   space 2560K, 0% used [0x00000000eaf80000,0x00000000eaf80000,0x00000000eb200000)
 ParOldGen       total 147968K, used 142790K [0x00000000c0000000, 0x00000000c9080000, 0x00000000eab00000)
  object space 147968K, 96% used [0x00000000c0000000,0x00000000c8b71b98,0x00000000c9080000)
 Metaspace       used 78945K, committed 80128K, reserved 1122304K
  class space    used 7870K, committed 8384K, reserved 1048576K
}
Event: 103.015 GC heap after
{Heap after GC invocations=948 (full 29):
 PSYoungGen      total 7168K, used 671K [0x00000000eab00000, 0x00000000eb380000, 0x0000000100000000)
  eden space 4608K, 0% used [0x00000000eab00000,0x00000000eab00000,0x00000000eaf80000)
  from space 2560K, 26% used [0x00000000eaf80000,0x00000000eb027ed0,0x00000000eb200000)
  to   space 1536K, 0% used [0x00000000eb200000,0x00000000eb200000,0x00000000eb380000)
 ParOldGen       total 147968K, used 144129K [0x00000000c0000000, 0x00000000c9080000, 0x00000000eab00000)
  object space 147968K, 97% used [0x00000000c0000000,0x00000000c8cc0680,0x00000000c9080000)
 Metaspace       used 78945K, committed 80128K, reserved 1122304K
  class space    used 7870K, committed 8384K, reserved 1048576K
}
Event: 103.278 GC heap before
{Heap before GC invocations=949 (full 29):
 PSYoungGen      total 7168K, used 5248K [0x00000000eab00000, 0x00000000eb380000, 0x0000000100000000)
  eden space 4608K, 99% used [0x00000000eab00000,0x00000000eaf783c8,0x00000000eaf80000)
  from space 2560K, 26% used [0x00000000eaf80000,0x00000000eb027ed0,0x00000000eb200000)
  to   space 1536K, 0% used [0x00000000eb200000,0x00000000eb200000,0x00000000eb380000)
 ParOldGen       total 147968K, used 144129K [0x00000000c0000000, 0x00000000c9080000, 0x00000000eab00000)
  object space 147968K, 97% used [0x00000000c0000000,0x00000000c8cc0680,0x00000000c9080000)
 Metaspace       used 78950K, committed 80128K, reserved 1122304K
  class space    used 7870K, committed 8384K, reserved 1048576K
}
Event: 103.280 GC heap after
{Heap after GC invocations=949 (full 29):
 PSYoungGen      total 6144K, used 1239K [0x00000000eab00000, 0x00000000eb380000, 0x0000000100000000)
  eden space 4608K, 0% used [0x00000000eab00000,0x00000000eab00000,0x00000000eaf80000)
  from space 1536K, 80% used [0x00000000eb200000,0x00000000eb335e30,0x00000000eb380000)
  to   space 1536K, 0% used [0x00000000eb080000,0x00000000eb080000,0x00000000eb200000)
 ParOldGen       total 147968K, used 144129K [0x00000000c0000000, 0x00000000c9080000, 0x00000000eab00000)
  object space 147968K, 97% used [0x00000000c0000000,0x00000000c8cc0680,0x00000000c9080000)
 Metaspace       used 78950K, committed 80128K, reserved 1122304K
  class space    used 7870K, committed 8384K, reserved 1048576K
}
Event: 103.319 GC heap before
{Heap before GC invocations=950 (full 29):
 PSYoungGen      total 6144K, used 5807K [0x00000000eab00000, 0x00000000eb380000, 0x0000000100000000)
  eden space 4608K, 99% used [0x00000000eab00000,0x00000000eaf75e88,0x00000000eaf80000)
  from space 1536K, 80% used [0x00000000eb200000,0x00000000eb335e30,0x00000000eb380000)
  to   space 1536K, 0% used [0x00000000eb080000,0x00000000eb080000,0x00000000eb200000)
 ParOldGen       total 147968K, used 144129K [0x00000000c0000000, 0x00000000c9080000, 0x00000000eab00000)
  object space 147968K, 97% used [0x00000000c0000000,0x00000000c8cc0680,0x00000000c9080000)
 Metaspace       used 78953K, committed 80192K, reserved 1122304K
  class space    used 7870K, committed 8384K, reserved 1048576K
}
Event: 103.323 GC heap after
{Heap after GC invocations=950 (full 29):
 PSYoungGen      total 6144K, used 1529K [0x00000000eab00000, 0x00000000eb780000, 0x0000000100000000)
  eden space 4608K, 0% used [0x00000000eab00000,0x00000000eab00000,0x00000000eaf80000)
  from space 1536K, 99% used [0x00000000eb080000,0x00000000eb1fe550,0x00000000eb200000)
  to   space 4096K, 0% used [0x00000000eb380000,0x00000000eb380000,0x00000000eb780000)
 ParOldGen       total 147968K, used 145926K [0x00000000c0000000, 0x00000000c9080000, 0x00000000eab00000)
  object space 147968K, 98% used [0x00000000c0000000,0x00000000c8e819f8,0x00000000c9080000)
 Metaspace       used 78953K, committed 80192K, reserved 1122304K
  class space    used 7870K, committed 8384K, reserved 1048576K
}
Event: 103.323 GC heap before
{Heap before GC invocations=951 (full 30):
 PSYoungGen      total 6144K, used 1529K [0x00000000eab00000, 0x00000000eb780000, 0x0000000100000000)
  eden space 4608K, 0% used [0x00000000eab00000,0x00000000eab00000,0x00000000eaf80000)
  from space 1536K, 99% used [0x00000000eb080000,0x00000000eb1fe550,0x00000000eb200000)
  to   space 4096K, 0% used [0x00000000eb380000,0x00000000eb380000,0x00000000eb780000)
 ParOldGen       total 147968K, used 145926K [0x00000000c0000000, 0x00000000c9080000, 0x00000000eab00000)
  object space 147968K, 98% used [0x00000000c0000000,0x00000000c8e819f8,0x00000000c9080000)
 Metaspace       used 78953K, committed 80192K, reserved 1122304K
  class space    used 7870K, committed 8384K, reserved 1048576K
}
Event: 103.482 GC heap after
{Heap after GC invocations=951 (full 30):
 PSYoungGen      total 8704K, used 0K [0x00000000eab00000, 0x00000000eb780000, 0x0000000100000000)
  eden space 4608K, 0% used [0x00000000eab00000,0x00000000eab00000,0x00000000eaf80000)
  from space 4096K, 0% used [0x00000000eb380000,0x00000000eb380000,0x00000000eb780000)
  to   space 4096K, 0% used [0x00000000eaf80000,0x00000000eaf80000,0x00000000eb380000)
 ParOldGen       total 147456K, used 111894K [0x00000000c0000000, 0x00000000c9000000, 0x00000000eab00000)
  object space 147456K, 75% used [0x00000000c0000000,0x00000000c6d458e0,0x00000000c9000000)
 Metaspace       used 78953K, committed 80192K, reserved 1122304K
  class space    used 7870K, committed 8384K, reserved 1048576K
}
Event: 103.666 GC heap before
{Heap before GC invocations=952 (full 30):
 PSYoungGen      total 8704K, used 4608K [0x00000000eab00000, 0x00000000eb780000, 0x0000000100000000)
  eden space 4608K, 100% used [0x00000000eab00000,0x00000000eaf80000,0x00000000eaf80000)
  from space 4096K, 0% used [0x00000000eb380000,0x00000000eb380000,0x00000000eb780000)
  to   space 4096K, 0% used [0x00000000eaf80000,0x00000000eaf80000,0x00000000eb380000)
 ParOldGen       total 147456K, used 114263K [0x00000000c0000000, 0x00000000c9000000, 0x00000000eab00000)
  object space 147456K, 77% used [0x00000000c0000000,0x00000000c6f95cf0,0x00000000c9000000)
 Metaspace       used 78956K, committed 80192K, reserved 1122304K
  class space    used 7870K, committed 8384K, reserved 1048576K
}
Event: 103.667 GC heap after
{Heap after GC invocations=952 (full 30):
 PSYoungGen      total 5632K, used 861K [0x00000000eab00000, 0x00000000eb400000, 0x0000000100000000)
  eden space 4608K, 0% used [0x00000000eab00000,0x00000000eab00000,0x00000000eaf80000)
  from space 1024K, 84% used [0x00000000eaf80000,0x00000000eb057668,0x00000000eb080000)
  to   space 2048K, 0% used [0x00000000eb200000,0x00000000eb200000,0x00000000eb400000)
 ParOldGen       total 147456K, used 114263K [0x00000000c0000000, 0x00000000c9000000, 0x00000000eab00000)
  object space 147456K, 77% used [0x00000000c0000000,0x00000000c6f95cf0,0x00000000c9000000)
 Metaspace       used 78956K, committed 80192K, reserved 1122304K
  class space    used 7870K, committed 8384K, reserved 1048576K
}
Event: 103.763 GC heap before
{Heap before GC invocations=953 (full 30):
 PSYoungGen      total 5632K, used 5469K [0x00000000eab00000, 0x00000000eb400000, 0x0000000100000000)
  eden space 4608K, 100% used [0x00000000eab00000,0x00000000eaf80000,0x00000000eaf80000)
  from space 1024K, 84% used [0x00000000eaf80000,0x00000000eb057668,0x00000000eb080000)
  to   space 2048K, 0% used [0x00000000eb200000,0x00000000eb200000,0x00000000eb400000)
 ParOldGen       total 147456K, used 114270K [0x00000000c0000000, 0x00000000c9000000, 0x00000000eab00000)
  object space 147456K, 77% used [0x00000000c0000000,0x00000000c6f97a48,0x00000000c9000000)
 Metaspace       used 78967K, committed 80192K, reserved 1122304K
  class space    used 7872K, committed 8384K, reserved 1048576K
}
Event: 103.765 GC heap after
{Heap after GC invocations=953 (full 30):
 PSYoungGen      total 6656K, used 1695K [0x00000000eab00000, 0x00000000eb400000, 0x0000000100000000)
  eden space 4608K, 0% used [0x00000000eab00000,0x00000000eab00000,0x00000000eaf80000)
  from space 2048K, 82% used [0x00000000eb200000,0x00000000eb3a7c80,0x00000000eb400000)
  to   space 2048K, 0% used [0x00000000eb000000,0x00000000eb000000,0x00000000eb200000)
 ParOldGen       total 147456K, used 114270K [0x00000000c0000000, 0x00000000c9000000, 0x00000000eab00000)
  object space 147456K, 77% used [0x00000000c0000000,0x00000000c6f97a48,0x00000000c9000000)
 Metaspace       used 78967K, committed 80192K, reserved 1122304K
  class space    used 7872K, committed 8384K, reserved 1048576K
}

