# JRE version: OpenJDK Runtime Environment Temurin-17.0.5+8 (17.0.5+8) (build 17.0.5+8)
# Java VM: OpenJDK 64-Bit Server VM Temurin-17.0.5+8 (17.0.5+8, mixed mode, emulated-client, tiered, compressed oops, compressed class ptrs, g1 gc, windows-amd64)
GC Precious Log:
 CPUs: 4 total, 4 available
 Memory: 4004M
 Large Page Support: Disabled
 NUMA Support: Disabled
 Compressed Oops: Enabled (32-bit)
 Heap Region Size: 1M
 Heap Min Capacity: 8M
 Heap Initial Capacity: 64M
 Heap Max Capacity: 1G
 Pre-touch: Disabled
 Parallel Workers: 4
 Concurrent Workers: 1
 Concurrent Refinement Workers: 4
 Periodic GC: Disabled
Heap:
 garbage-first heap   total 174080K, used 74937K [0x00000000c0000000, 0x0000000100000000)
  region size 1024K, 5 young (5120K), 5 survivors (5120K)
 Metaspace       used 35821K, committed 36288K, reserved 1081344K
  class space    used 4646K, committed 4864K, reserved 1048576K
GC Heap History (20 events):
Event: 4.400 GC heap after
{Heap after GC invocations=12 (full 0):
 garbage-first heap   total 63488K, used 30720K [0x00000000c0000000, 0x0000000100000000)
  region size 1024K, 3 young (3072K), 3 survivors (3072K)
 Metaspace       used 35662K, committed 36160K, reserved 1081344K
  class space    used 4621K, committed 4864K, reserved 1048576K
}
Event: 4.448 GC heap before
{Heap before GC invocations=12 (full 0):
 garbage-first heap   total 63488K, used 47104K [0x00000000c0000000, 0x0000000100000000)
  region size 1024K, 19 young (19456K), 3 survivors (3072K)
 Metaspace       used 35662K, committed 36160K, reserved 1081344K
  class space    used 4621K, committed 4864K, reserved 1048576K
}
Event: 4.456 GC heap after
{Heap after GC invocations=13 (full 0):
 garbage-first heap   total 90112K, used 34202K [0x00000000c0000000, 0x0000000100000000)
  region size 1024K, 3 young (3072K), 3 survivors (3072K)
 Metaspace       used 35662K, committed 36160K, reserved 1081344K
  class space    used 4621K, committed 4864K, reserved 1048576K
}
Event: 4.598 GC heap before
{Heap before GC invocations=13 (full 0):
 garbage-first heap   total 90112K, used 64922K [0x00000000c0000000, 0x0000000100000000)
  region size 1024K, 33 young (33792K), 3 survivors (3072K)
 Metaspace       used 35671K, committed 36160K, reserved 1081344K
  class space    used 4622K, committed 4864K, reserved 1048576K
}
Event: 4.608 GC heap after
{Heap after GC invocations=14 (full 0):
 garbage-first heap   total 90112K, used 40265K [0x00000000c0000000, 0x0000000100000000)
  region size 1024K, 5 young (5120K), 5 survivors (5120K)
 Metaspace       used 35671K, committed 36160K, reserved 1081344K
  class space    used 4622K, committed 4864K, reserved 1048576K
}
Event: 4.806 GC heap before
{Heap before GC invocations=14 (full 0):
 garbage-first heap   total 90112K, used 65865K [0x00000000c0000000, 0x0000000100000000)
  region size 1024K, 31 young (31744K), 5 survivors (5120K)
 Metaspace       used 35671K, committed 36160K, reserved 1081344K
  class space    used 4622K, committed 4864K, reserved 1048576K
}
Event: 4.822 GC heap after
{Heap after GC invocations=15 (full 0):
 garbage-first heap   total 90112K, used 48128K [0x00000000c0000000, 0x0000000100000000)
  region size 1024K, 4 young (4096K), 4 survivors (4096K)
 Metaspace       used 35671K, committed 36160K, reserved 1081344K
  class space    used 4622K, committed 4864K, reserved 1048576K
}
Event: 4.993 GC heap before
{Heap before GC invocations=15 (full 0):
 garbage-first heap   total 90112K, used 54272K [0x00000000c0000000, 0x0000000100000000)
  region size 1024K, 12 young (12288K), 4 survivors (4096K)
 Metaspace       used 35671K, committed 36160K, reserved 1081344K
  class space    used 4622K, committed 4864K, reserved 1048576K
}
Event: 5.004 GC heap after
{Heap after GC invocations=16 (full 0):
 garbage-first heap   total 90112K, used 51194K [0x00000000c0000000, 0x0000000100000000)
  region size 1024K, 3 young (3072K), 3 survivors (3072K)
 Metaspace       used 35671K, committed 36160K, reserved 1081344K
  class space    used 4622K, committed 4864K, reserved 1048576K
}
Event: 5.088 GC heap before
{Heap before GC invocations=16 (full 0):
 garbage-first heap   total 90112K, used 69626K [0x00000000c0000000, 0x0000000100000000)
  region size 1024K, 20 young (20480K), 3 survivors (3072K)
 Metaspace       used 35673K, committed 36160K, reserved 1081344K
  class space    used 4623K, committed 4864K, reserved 1048576K
}
Event: 5.104 GC heap after
{Heap after GC invocations=17 (full 0):
 garbage-first heap   total 174080K, used 61440K [0x00000000c0000000, 0x0000000100000000)
  region size 1024K, 3 young (3072K), 3 survivors (3072K)
 Metaspace       used 35673K, committed 36160K, reserved 1081344K
  class space    used 4623K, committed 4864K, reserved 1048576K
}
Event: 5.213 GC heap before
{Heap before GC invocations=18 (full 0):
 garbage-first heap   total 174080K, used 116736K [0x00000000c0000000, 0x0000000100000000)
  region size 1024K, 58 young (59392K), 3 survivors (3072K)
 Metaspace       used 35821K, committed 36288K, reserved 1081344K
  class space    used 4646K, committed 4864K, reserved 1048576K
}
Event: 5.233 GC heap after
{Heap after GC invocations=19 (full 0):
 garbage-first heap   total 174080K, used 67909K [0x00000000c0000000, 0x0000000100000000)
  region size 1024K, 8 young (8192K), 8 survivors (8192K)
 Metaspace       used 35821K, committed 36288K, reserved 1081344K
  class space    used 4646K, committed 4864K, reserved 1048576K
}
Event: 5.235 GC heap before
{Heap before GC invocations=19 (full 0):
 garbage-first heap   total 174080K, used 67909K [0x00000000c0000000, 0x0000000100000000)
  region size 1024K, 9 young (9216K), 8 survivors (8192K)
 Metaspace       used 35821K, committed 36288K, reserved 1081344K
  class space    used 4646K, committed 4864K, reserved 1048576K
}
Event: 5.251 GC heap after
{Heap after GC invocations=20 (full 0):
 garbage-first heap   total 174080K, used 68943K [0x00000000c0000000, 0x0000000100000000)
  region size 1024K, 2 young (2048K), 2 survivors (2048K)
 Metaspace       used 35821K, committed 36288K, reserved 1081344K
  class space    used 4646K, committed 4864K, reserved 1048576K
}
Event: 5.276 GC heap before
{Heap before GC invocations=20 (full 0):
 garbage-first heap   total 174080K, used 123215K [0x00000000c0000000, 0x0000000100000000)
  region size 1024K, 56 young (57344K), 2 survivors (2048K)
 Metaspace       used 35821K, committed 36288K, reserved 1081344K
  class space    used 4646K, committed 4864K, reserved 1048576K
}
Event: 5.277 GC heap after
{Heap after GC invocations=21 (full 0):
 garbage-first heap   total 174080K, used 70339K [0x00000000c0000000, 0x0000000100000000)
  region size 1024K, 3 young (3072K), 3 survivors (3072K)
 Metaspace       used 35821K, committed 36288K, reserved 1081344K
  class space    used 4646K, committed 4864K, reserved 1048576K
}
Event: 5.304 GC heap before
{Heap before GC invocations=21 (full 0):
 garbage-first heap   total 174080K, used 125635K [0x00000000c0000000, 0x0000000100000000)
  region size 1024K, 58 young (59392K), 3 survivors (3072K)
 Metaspace       used 35821K, committed 36288K, reserved 1081344K
  class space    used 4646K, committed 4864K, reserved 1048576K
}
Event: 5.307 GC heap after
{Heap after GC invocations=22 (full 0):
 garbage-first heap   total 174080K, used 72575K [0x00000000c0000000, 0x0000000100000000)
  region size 1024K, 5 young (5120K), 5 survivors (5120K)
 Metaspace       used 35821K, committed 36288K, reserved 1081344K
  class space    used 4646K, committed 4864K, reserved 1048576K
}
Event: 5.335 GC heap before
{Heap before GC invocations=22 (full 0):
 garbage-first heap   total 174080K, used 129919K [0x00000000c0000000, 0x0000000100000000)
  region size 1024K, 62 young (63488K), 5 survivors (5120K)
 Metaspace       used 35821K, committed 36288K, reserved 1081344K
  class space    used 4646K, committed 4864K, reserved 1048576K
}

