# JRE version: OpenJDK Runtime Environment Temurin-17.0.5+8 (17.0.5+8) (build 17.0.5+8)
# Java VM: OpenJDK 64-Bit Server VM Temurin-17.0.5+8 (17.0.5+8, mixed mode, tiered, compressed oops, compressed class ptrs, parallel gc, windows-amd64)
GC Precious Log:
 CPUs: 4 total, 4 available
 Memory: 4004M
 Large Page Support: Disabled
 NUMA Support: Disabled
 Compressed Oops: Enabled (32-bit)
 Alignments: Space 512K, Generation 512K, Heap 2M
 Heap Min Capacity: 100M
 Heap Initial Capacity: 100M
 Heap Max Capacity: 1G
 Pre-touch: Disabled
 Parallel Workers: 4
Heap:
 PSYoungGen      total 7168K, used 2472K [0x00000000eab00000, 0x00000000eb380000, 0x0000000100000000)
  eden space 5632K, 16% used [0x00000000eab00000,0x00000000eabee660,0x00000000eb080000)
  from space 1536K, 98% used [0x00000000eb080000,0x00000000eb1fb9e0,0x00000000eb200000)
  to   space 1536K, 0% used [0x00000000eb200000,0x00000000eb200000,0x00000000eb380000)
 ParOldGen       total 182784K, used 171464K [0x00000000c0000000, 0x00000000cb280000, 0x00000000eab00000)
  object space 182784K, 93% used [0x00000000c0000000,0x00000000ca7722c0,0x00000000cb280000)
 Metaspace       used 97951K, committed 99392K, reserved 1138688K
  class space    used 9672K, committed 10304K, reserved 1048576K
GC Heap History (20 events):
Event: 2939.573 GC heap before
{Heap before GC invocations=3737 (full 88):
 PSYoungGen      total 7168K, used 1376K [0x00000000eab00000, 0x00000000eb380000, 0x0000000100000000)
  eden space 5632K, 0% used [0x00000000eab00000,0x00000000eab00000,0x00000000eb080000)
  from space 1536K, 89% used [0x00000000eb200000,0x00000000eb358000,0x00000000eb380000)
  to   space 1536K, 0% used [0x00000000eb080000,0x00000000eb080000,0x00000000eb200000)
 ParOldGen       total 182784K, used 182564K [0x00000000c0000000, 0x00000000cb280000, 0x00000000eab00000)
  object space 182784K, 99% used [0x00000000c0000000,0x00000000cb249228,0x00000000cb280000)
 Metaspace       used 97882K, committed 99392K, reserved 1138688K
  class space    used 9672K, committed 10304K, reserved 1048576K
}
Event: 2939.776 GC heap after
{Heap after GC invocations=3737 (full 88):
 PSYoungGen      total 7168K, used 0K [0x00000000eab00000, 0x00000000eb380000, 0x0000000100000000)
  eden space 5632K, 0% used [0x00000000eab00000,0x00000000eab00000,0x00000000eb080000)
  from space 1536K, 0% used [0x00000000eb080000,0x00000000eb080000,0x00000000eb200000)
  to   space 1536K, 0% used [0x00000000eb200000,0x00000000eb200000,0x00000000eb380000)
 ParOldGen       total 182784K, used 152043K [0x00000000c0000000, 0x00000000cb280000, 0x00000000eab00000)
  object space 182784K, 83% used [0x00000000c0000000,0x00000000c947ae28,0x00000000cb280000)
 Metaspace       used 97882K, committed 99392K, reserved 1138688K
  class space    used 9672K, committed 10304K, reserved 1048576K
}
Event: 2939.807 GC heap before
{Heap before GC invocations=3738 (full 88):
 PSYoungGen      total 7168K, used 5632K [0x00000000eab00000, 0x00000000eb380000, 0x0000000100000000)
  eden space 5632K, 100% used [0x00000000eab00000,0x00000000eb080000,0x00000000eb080000)
  from space 1536K, 0% used [0x00000000eb080000,0x00000000eb080000,0x00000000eb200000)
  to   space 1536K, 0% used [0x00000000eb200000,0x00000000eb200000,0x00000000eb380000)
 ParOldGen       total 182784K, used 152043K [0x00000000c0000000, 0x00000000cb280000, 0x00000000eab00000)
  object space 182784K, 83% used [0x00000000c0000000,0x00000000c947ae28,0x00000000cb280000)
 Metaspace       used 97882K, committed 99392K, reserved 1138688K
  class space    used 9672K, committed 10304K, reserved 1048576K
}
Event: 2939.809 GC heap after
{Heap after GC invocations=3738 (full 88):
 PSYoungGen      total 7168K, used 832K [0x00000000eab00000, 0x00000000eb380000, 0x0000000100000000)
  eden space 5632K, 0% used [0x00000000eab00000,0x00000000eab00000,0x00000000eb080000)
  from space 1536K, 54% used [0x00000000eb200000,0x00000000eb2d0000,0x00000000eb380000)
  to   space 1536K, 0% used [0x00000000eb080000,0x00000000eb080000,0x00000000eb200000)
 ParOldGen       total 182784K, used 152043K [0x00000000c0000000, 0x00000000cb280000, 0x00000000eab00000)
  object space 182784K, 83% used [0x00000000c0000000,0x00000000c947ae28,0x00000000cb280000)
 Metaspace       used 97882K, committed 99392K, reserved 1138688K
  class space    used 9672K, committed 10304K, reserved 1048576K
}
Event: 2939.826 GC heap before
{Heap before GC invocations=3739 (full 88):
 PSYoungGen      total 7168K, used 6464K [0x00000000eab00000, 0x00000000eb380000, 0x0000000100000000)
  eden space 5632K, 100% used [0x00000000eab00000,0x00000000eb080000,0x00000000eb080000)
  from space 1536K, 54% used [0x00000000eb200000,0x00000000eb2d0000,0x00000000eb380000)
  to   space 1536K, 0% used [0x00000000eb080000,0x00000000eb080000,0x00000000eb200000)
 ParOldGen       total 182784K, used 152043K [0x00000000c0000000, 0x00000000cb280000, 0x00000000eab00000)
  object space 182784K, 83% used [0x00000000c0000000,0x00000000c947ae28,0x00000000cb280000)
 Metaspace       used 97882K, committed 99392K, reserved 1138688K
  class space    used 9672K, committed 10304K, reserved 1048576K
}
Event: 2939.828 GC heap after
{Heap after GC invocations=3739 (full 88):
 PSYoungGen      total 7168K, used 1523K [0x00000000eab00000, 0x00000000eb380000, 0x0000000100000000)
  eden space 5632K, 0% used [0x00000000eab00000,0x00000000eab00000,0x00000000eb080000)
  from space 1536K, 99% used [0x00000000eb080000,0x00000000eb1fcf38,0x00000000eb200000)
  to   space 1536K, 0% used [0x00000000eb200000,0x00000000eb200000,0x00000000eb380000)
 ParOldGen       total 182784K, used 152951K [0x00000000c0000000, 0x00000000cb280000, 0x00000000eab00000)
  object space 182784K, 83% used [0x00000000c0000000,0x00000000c955de48,0x00000000cb280000)
 Metaspace       used 97882K, committed 99392K, reserved 1138688K
  class space    used 9672K, committed 10304K, reserved 1048576K
}
Event: 2939.856 GC heap before
{Heap before GC invocations=3740 (full 88):
 PSYoungGen      total 7168K, used 7155K [0x00000000eab00000, 0x00000000eb380000, 0x0000000100000000)
  eden space 5632K, 100% used [0x00000000eab00000,0x00000000eb080000,0x00000000eb080000)
  from space 1536K, 99% used [0x00000000eb080000,0x00000000eb1fcf38,0x00000000eb200000)
  to   space 1536K, 0% used [0x00000000eb200000,0x00000000eb200000,0x00000000eb380000)
 ParOldGen       total 182784K, used 152951K [0x00000000c0000000, 0x00000000cb280000, 0x00000000eab00000)
  object space 182784K, 83% used [0x00000000c0000000,0x00000000c955de48,0x00000000cb280000)
 Metaspace       used 97882K, committed 99392K, reserved 1138688K
  class space    used 9672K, committed 10304K, reserved 1048576K
}
Event: 2939.860 GC heap after
{Heap after GC invocations=3740 (full 88):
 PSYoungGen      total 7168K, used 1513K [0x00000000eab00000, 0x00000000eb380000, 0x0000000100000000)
  eden space 5632K, 0% used [0x00000000eab00000,0x00000000eab00000,0x00000000eb080000)
  from space 1536K, 98% used [0x00000000eb200000,0x00000000eb37a6c0,0x00000000eb380000)
  to   space 1536K, 0% used [0x00000000eb080000,0x00000000eb080000,0x00000000eb200000)
 ParOldGen       total 182784K, used 155081K [0x00000000c0000000, 0x00000000cb280000, 0x00000000eab00000)
  object space 182784K, 84% used [0x00000000c0000000,0x00000000c9772798,0x00000000cb280000)
 Metaspace       used 97882K, committed 99392K, reserved 1138688K
  class space    used 9672K, committed 10304K, reserved 1048576K
}
Event: 2939.906 GC heap before
{Heap before GC invocations=3741 (full 88):
 PSYoungGen      total 7168K, used 7145K [0x00000000eab00000, 0x00000000eb380000, 0x0000000100000000)
  eden space 5632K, 100% used [0x00000000eab00000,0x00000000eb080000,0x00000000eb080000)
  from space 1536K, 98% used [0x00000000eb200000,0x00000000eb37a6c0,0x00000000eb380000)
  to   space 1536K, 0% used [0x00000000eb080000,0x00000000eb080000,0x00000000eb200000)
 ParOldGen       total 182784K, used 155081K [0x00000000c0000000, 0x00000000cb280000, 0x00000000eab00000)
  object space 182784K, 84% used [0x00000000c0000000,0x00000000c9772798,0x00000000cb280000)
 Metaspace       used 97897K, committed 99392K, reserved 1138688K
  class space    used 9672K, committed 10304K, reserved 1048576K
}
Event: 2939.910 GC heap after
{Heap after GC invocations=3741 (full 88):
 PSYoungGen      total 7168K, used 960K [0x00000000eab00000, 0x00000000eb380000, 0x0000000100000000)
  eden space 5632K, 0% used [0x00000000eab00000,0x00000000eab00000,0x00000000eb080000)
  from space 1536K, 62% used [0x00000000eb080000,0x00000000eb170000,0x00000000eb200000)
  to   space 1536K, 0% used [0x00000000eb200000,0x00000000eb200000,0x00000000eb380000)
 ParOldGen       total 182784K, used 156110K [0x00000000c0000000, 0x00000000cb280000, 0x00000000eab00000)
  object space 182784K, 85% used [0x00000000c0000000,0x00000000c9873a78,0x00000000cb280000)
 Metaspace       used 97897K, committed 99392K, reserved 1138688K
  class space    used 9672K, committed 10304K, reserved 1048576K
}
Event: 2939.955 GC heap before
{Heap before GC invocations=3742 (full 88):
 PSYoungGen      total 7168K, used 6592K [0x00000000eab00000, 0x00000000eb380000, 0x0000000100000000)
  eden space 5632K, 100% used [0x00000000eab00000,0x00000000eb080000,0x00000000eb080000)
  from space 1536K, 62% used [0x00000000eb080000,0x00000000eb170000,0x00000000eb200000)
  to   space 1536K, 0% used [0x00000000eb200000,0x00000000eb200000,0x00000000eb380000)
 ParOldGen       total 182784K, used 156110K [0x00000000c0000000, 0x00000000cb280000, 0x00000000eab00000)
  object space 182784K, 85% used [0x00000000c0000000,0x00000000c9873a78,0x00000000cb280000)
 Metaspace       used 97933K, committed 99392K, reserved 1138688K
  class space    used 9672K, committed 10304K, reserved 1048576K
}
Event: 2939.957 GC heap after
{Heap after GC invocations=3742 (full 88):
 PSYoungGen      total 7168K, used 1512K [0x00000000eab00000, 0x00000000eb380000, 0x0000000100000000)
  eden space 5632K, 0% used [0x00000000eab00000,0x00000000eab00000,0x00000000eb080000)
  from space 1536K, 98% used [0x00000000eb200000,0x00000000eb37a090,0x00000000eb380000)
  to   space 1536K, 0% used [0x00000000eb080000,0x00000000eb080000,0x00000000eb200000)
 ParOldGen       total 182784K, used 157534K [0x00000000c0000000, 0x00000000cb280000, 0x00000000eab00000)
  object space 182784K, 86% used [0x00000000c0000000,0x00000000c99d79b8,0x00000000cb280000)
 Metaspace       used 97933K, committed 99392K, reserved 1138688K
  class space    used 9672K, committed 10304K, reserved 1048576K
}
Event: 2939.992 GC heap before
{Heap before GC invocations=3743 (full 88):
 PSYoungGen      total 7168K, used 7140K [0x00000000eab00000, 0x00000000eb380000, 0x0000000100000000)
  eden space 5632K, 99% used [0x00000000eab00000,0x00000000eb07f298,0x00000000eb080000)
  from space 1536K, 98% used [0x00000000eb200000,0x00000000eb37a090,0x00000000eb380000)
  to   space 1536K, 0% used [0x00000000eb080000,0x00000000eb080000,0x00000000eb200000)
 ParOldGen       total 182784K, used 157534K [0x00000000c0000000, 0x00000000cb280000, 0x00000000eab00000)
  object space 182784K, 86% used [0x00000000c0000000,0x00000000c99d79b8,0x00000000cb280000)
 Metaspace       used 97936K, committed 99392K, reserved 1138688K
  class space    used 9672K, committed 10304K, reserved 1048576K
}
Event: 2939.995 GC heap after
{Heap after GC invocations=3743 (full 88):
 PSYoungGen      total 7168K, used 1534K [0x00000000eab00000, 0x00000000eb380000, 0x0000000100000000)
  eden space 5632K, 0% used [0x00000000eab00000,0x00000000eab00000,0x00000000eb080000)
  from space 1536K, 99% used [0x00000000eb080000,0x00000000eb1ffb98,0x00000000eb200000)
  to   space 1536K, 0% used [0x00000000eb200000,0x00000000eb200000,0x00000000eb380000)
 ParOldGen       total 182784K, used 159209K [0x00000000c0000000, 0x00000000cb280000, 0x00000000eab00000)
  object space 182784K, 87% used [0x00000000c0000000,0x00000000c9b7a4c0,0x00000000cb280000)
 Metaspace       used 97936K, committed 99392K, reserved 1138688K
  class space    used 9672K, committed 10304K, reserved 1048576K
}
Event: 2940.051 GC heap before
{Heap before GC invocations=3744 (full 88):
 PSYoungGen      total 7168K, used 7166K [0x00000000eab00000, 0x00000000eb380000, 0x0000000100000000)
  eden space 5632K, 100% used [0x00000000eab00000,0x00000000eb080000,0x00000000eb080000)
  from space 1536K, 99% used [0x00000000eb080000,0x00000000eb1ffb98,0x00000000eb200000)
  to   space 1536K, 0% used [0x00000000eb200000,0x00000000eb200000,0x00000000eb380000)
 ParOldGen       total 182784K, used 159209K [0x00000000c0000000, 0x00000000cb280000, 0x00000000eab00000)
  object space 182784K, 87% used [0x00000000c0000000,0x00000000c9b7a4c0,0x00000000cb280000)
 Metaspace       used 97941K, committed 99392K, reserved 1138688K
  class space    used 9672K, committed 10304K, reserved 1048576K
}
Event: 2940.054 GC heap after
{Heap after GC invocations=3744 (full 88):
 PSYoungGen      total 7168K, used 1511K [0x00000000eab00000, 0x00000000eb380000, 0x0000000100000000)
  eden space 5632K, 0% used [0x00000000eab00000,0x00000000eab00000,0x00000000eb080000)
  from space 1536K, 98% used [0x00000000eb200000,0x00000000eb379c08,0x00000000eb380000)
  to   space 1536K, 0% used [0x00000000eb080000,0x00000000eb080000,0x00000000eb200000)
 ParOldGen       total 182784K, used 161670K [0x00000000c0000000, 0x00000000cb280000, 0x00000000eab00000)
  object space 182784K, 88% used [0x00000000c0000000,0x00000000c9de1b78,0x00000000cb280000)
 Metaspace       used 97941K, committed 99392K, reserved 1138688K
  class space    used 9672K, committed 10304K, reserved 1048576K
}
Event: 2940.121 GC heap before
{Heap before GC invocations=3745 (full 88):
 PSYoungGen      total 7168K, used 7143K [0x00000000eab00000, 0x00000000eb380000, 0x0000000100000000)
  eden space 5632K, 100% used [0x00000000eab00000,0x00000000eb080000,0x00000000eb080000)
  from space 1536K, 98% used [0x00000000eb200000,0x00000000eb379c08,0x00000000eb380000)
  to   space 1536K, 0% used [0x00000000eb080000,0x00000000eb080000,0x00000000eb200000)
 ParOldGen       total 182784K, used 161670K [0x00000000c0000000, 0x00000000cb280000, 0x00000000eab00000)
  object space 182784K, 88% used [0x00000000c0000000,0x00000000c9de1b78,0x00000000cb280000)
 Metaspace       used 97950K, committed 99392K, reserved 1138688K
  class space    used 9672K, committed 10304K, reserved 1048576K
}
Event: 2940.122 GC heap after
{Heap after GC invocations=3745 (full 88):
 PSYoungGen      total 7168K, used 720K [0x00000000eab00000, 0x00000000eb380000, 0x0000000100000000)
  eden space 5632K, 0% used [0x00000000eab00000,0x00000000eab00000,0x00000000eb080000)
  from space 1536K, 46% used [0x00000000eb080000,0x00000000eb134010,0x00000000eb200000)
  to   space 1536K, 0% used [0x00000000eb200000,0x00000000eb200000,0x00000000eb380000)
 ParOldGen       total 182784K, used 161734K [0x00000000c0000000, 0x00000000cb280000, 0x00000000eab00000)
  object space 182784K, 88% used [0x00000000c0000000,0x00000000c9df1b78,0x00000000cb280000)
 Metaspace       used 97950K, committed 99392K, reserved 1138688K
  class space    used 9672K, committed 10304K, reserved 1048576K
}
Event: 2940.142 GC heap before
{Heap before GC invocations=3746 (full 88):
 PSYoungGen      total 7168K, used 6352K [0x00000000eab00000, 0x00000000eb380000, 0x0000000100000000)
  eden space 5632K, 100% used [0x00000000eab00000,0x00000000eb080000,0x00000000eb080000)
  from space 1536K, 46% used [0x00000000eb080000,0x00000000eb134010,0x00000000eb200000)
  to   space 1536K, 0% used [0x00000000eb200000,0x00000000eb200000,0x00000000eb380000)
 ParOldGen       total 182784K, used 161734K [0x00000000c0000000, 0x00000000cb280000, 0x00000000eab00000)
  object space 182784K, 88% used [0x00000000c0000000,0x00000000c9df1b78,0x00000000cb280000)
 Metaspace       used 97951K, committed 99392K, reserved 1138688K
  class space    used 9672K, committed 10304K, reserved 1048576K
}
Event: 2940.145 GC heap after
{Heap after GC invocations=3746 (full 88):
 PSYoungGen      total 7168K, used 1511K [0x00000000eab00000, 0x00000000eb380000, 0x0000000100000000)
  eden space 5632K, 0% used [0x00000000eab00000,0x00000000eab00000,0x00000000eb080000)
  from space 1536K, 98% used [0x00000000eb200000,0x00000000eb379c60,0x00000000eb380000)
  to   space 1536K, 0% used [0x00000000eb080000,0x00000000eb080000,0x00000000eb200000)
 ParOldGen       total 182784K, used 163948K [0x00000000c0000000, 0x00000000cb280000, 0x00000000eab00000)
  object space 182784K, 89% used [0x00000000c0000000,0x00000000ca01b2e8,0x00000000cb280000)
 Metaspace       used 97951K, committed 99392K, reserved 1138688K
  class space    used 9672K, committed 10304K, reserved 1048576K
}

