# JRE version: OpenJDK Runtime Environment Temurin-17.0.5+8 (17.0.5+8) (build 17.0.5+8)
# Java VM: OpenJDK 64-Bit Server VM Temurin-17.0.5+8 (17.0.5+8, mixed mode, emulated-client, tiered, compressed oops, compressed class ptrs, g1 gc, windows-amd64)
GC Precious Log:
 CPUs: 4 total, 4 available
 Memory: 4004M
 Large Page Support: Disabled
 NUMA Support: Disabled
 Compressed Oops: Enabled (32-bit)
 Heap Region Size: 1M
 Heap Min Capacity: 8M
 Heap Initial Capacity: 64M
 Heap Max Capacity: 1G
 Pre-touch: Disabled
 Parallel Workers: 4
 Concurrent Workers: 1
 Concurrent Refinement Workers: 4
 Periodic GC: Disabled
Heap:
 garbage-first heap   total 306176K, used 141651K [0x00000000c0000000, 0x0000000100000000)
  region size 1024K, 3 young (3072K), 3 survivors (3072K)
 Metaspace       used 70451K, committed 70976K, reserved 1114112K
  class space    used 9589K, committed 9856K, reserved 1048576K
GC Heap History (20 events):
Event: 6798.910 GC heap after
{Heap after GC invocations=601 (full 500):
 garbage-first heap   total 286720K, used 131726K [0x00000000c0000000, 0x0000000100000000)
  region size 1024K, 2 young (2048K), 2 survivors (2048K)
 Metaspace       used 70442K, committed 70976K, reserved 1114112K
  class space    used 9587K, committed 9856K, reserved 1048576K
}
Event: 6799.775 GC heap before
{Heap before GC invocations=601 (full 500):
 garbage-first heap   total 286720K, used 165518K [0x00000000c0000000, 0x0000000100000000)
  region size 1024K, 36 young (36864K), 2 survivors (2048K)
 Metaspace       used 70442K, committed 70976K, reserved 1114112K
  class space    used 9587K, committed 9856K, reserved 1048576K
}
Event: 6799.785 GC heap after
{Heap after GC invocations=602 (full 500):
 garbage-first heap   total 286720K, used 134159K [0x00000000c0000000, 0x0000000100000000)
  region size 1024K, 5 young (5120K), 5 survivors (5120K)
 Metaspace       used 70442K, committed 70976K, reserved 1114112K
  class space    used 9587K, committed 9856K, reserved 1048576K
}
Event: 6818.376 GC heap before
{Heap before GC invocations=603 (full 500):
 garbage-first heap   total 306176K, used 229391K [0x00000000c0000000, 0x0000000100000000)
  region size 1024K, 95 young (97280K), 5 survivors (5120K)
 Metaspace       used 70442K, committed 70976K, reserved 1114112K
  class space    used 9587K, committed 9856K, reserved 1048576K
}
Event: 6818.409 GC heap after
{Heap after GC invocations=604 (full 500):
 garbage-first heap   total 306176K, used 144112K [0x00000000c0000000, 0x0000000100000000)
  region size 1024K, 12 young (12288K), 12 survivors (12288K)
 Metaspace       used 70442K, committed 70976K, reserved 1114112K
  class space    used 9587K, committed 9856K, reserved 1048576K
}
Event: 6818.419 GC heap before
{Heap before GC invocations=604 (full 500):
 garbage-first heap   total 306176K, used 146160K [0x00000000c0000000, 0x0000000100000000)
  region size 1024K, 14 young (14336K), 12 survivors (12288K)
 Metaspace       used 70442K, committed 70976K, reserved 1114112K
  class space    used 9587K, committed 9856K, reserved 1048576K
}
Event: 6818.440 GC heap after
{Heap after GC invocations=605 (full 500):
 garbage-first heap   total 306176K, used 145520K [0x00000000c0000000, 0x0000000100000000)
  region size 1024K, 2 young (2048K), 2 survivors (2048K)
 Metaspace       used 70442K, committed 70976K, reserved 1114112K
  class space    used 9587K, committed 9856K, reserved 1048576K
}
Event: 6823.451 GC heap before
{Heap before GC invocations=605 (full 500):
 garbage-first heap   total 306176K, used 243824K [0x00000000c0000000, 0x0000000100000000)
  region size 1024K, 98 young (100352K), 2 survivors (2048K)
 Metaspace       used 70445K, committed 70976K, reserved 1114112K
  class space    used 9588K, committed 9856K, reserved 1048576K
}
Event: 6823.464 GC heap after
{Heap after GC invocations=606 (full 500):
 garbage-first heap   total 306176K, used 153410K [0x00000000c0000000, 0x0000000100000000)
  region size 1024K, 10 young (10240K), 10 survivors (10240K)
 Metaspace       used 70445K, committed 70976K, reserved 1114112K
  class space    used 9588K, committed 9856K, reserved 1048576K
}
Event: 6829.930 GC heap before
{Heap before GC invocations=607 (full 500):
 garbage-first heap   total 306176K, used 228162K [0x00000000c0000000, 0x0000000100000000)
  region size 1024K, 101 young (103424K), 10 survivors (10240K)
 Metaspace       used 70451K, committed 70976K, reserved 1114112K
  class space    used 9589K, committed 9856K, reserved 1048576K
}
Event: 6829.954 GC heap after
{Heap after GC invocations=608 (full 500):
 garbage-first heap   total 306176K, used 139290K [0x00000000c0000000, 0x0000000100000000)
  region size 1024K, 6 young (6144K), 6 survivors (6144K)
 Metaspace       used 70451K, committed 70976K, reserved 1114112K
  class space    used 9589K, committed 9856K, reserved 1048576K
}
Event: 6830.225 GC heap before
{Heap before GC invocations=608 (full 500):
 garbage-first heap   total 306176K, used 148506K [0x00000000c0000000, 0x0000000100000000)
  region size 1024K, 14 young (14336K), 6 survivors (6144K)
 Metaspace       used 70451K, committed 70976K, reserved 1114112K
  class space    used 9589K, committed 9856K, reserved 1048576K
}
Event: 6830.235 GC heap after
{Heap after GC invocations=609 (full 500):
 garbage-first heap   total 306176K, used 127853K [0x00000000c0000000, 0x0000000100000000)
  region size 1024K, 2 young (2048K), 2 survivors (2048K)
 Metaspace       used 70451K, committed 70976K, reserved 1114112K
  class space    used 9589K, committed 9856K, reserved 1048576K
}
Event: 6831.899 GC heap before
{Heap before GC invocations=609 (full 500):
 garbage-first heap   total 306176K, used 173933K [0x00000000c0000000, 0x0000000100000000)
  region size 1024K, 48 young (49152K), 2 survivors (2048K)
 Metaspace       used 70451K, committed 70976K, reserved 1114112K
  class space    used 9589K, committed 9856K, reserved 1048576K
}
Event: 6831.916 GC heap after
{Heap after GC invocations=610 (full 500):
 garbage-first heap   total 306176K, used 139717K [0x00000000c0000000, 0x0000000100000000)
  region size 1024K, 14 young (14336K), 14 survivors (14336K)
 Metaspace       used 70451K, committed 70976K, reserved 1114112K
  class space    used 9589K, committed 9856K, reserved 1048576K
}
Event: 6833.709 GC heap before
{Heap before GC invocations=611 (full 500):
 garbage-first heap   total 306176K, used 227781K [0x00000000c0000000, 0x0000000100000000)
  region size 1024K, 111 young (113664K), 14 survivors (14336K)
 Metaspace       used 70451K, committed 70976K, reserved 1114112K
  class space    used 9589K, committed 9856K, reserved 1048576K
}
Event: 6833.757 GC heap after
{Heap after GC invocations=612 (full 500):
 garbage-first heap   total 306176K, used 141394K [0x00000000c0000000, 0x0000000100000000)
  region size 1024K, 14 young (14336K), 14 survivors (14336K)
 Metaspace       used 70451K, committed 70976K, reserved 1114112K
  class space    used 9589K, committed 9856K, reserved 1048576K
}
Event: 6833.762 GC heap before
{Heap before GC invocations=612 (full 500):
 garbage-first heap   total 306176K, used 142418K [0x00000000c0000000, 0x0000000100000000)
  region size 1024K, 15 young (15360K), 14 survivors (14336K)
 Metaspace       used 70451K, committed 70976K, reserved 1114112K
  class space    used 9589K, committed 9856K, reserved 1048576K
}
Event: 6833.781 GC heap after
{Heap after GC invocations=613 (full 500):
 garbage-first heap   total 306176K, used 141165K [0x00000000c0000000, 0x0000000100000000)
  region size 1024K, 2 young (2048K), 2 survivors (2048K)
 Metaspace       used 70451K, committed 70976K, reserved 1114112K
  class space    used 9589K, committed 9856K, reserved 1048576K
}
Event: 6833.900 GC heap before
{Heap before GC invocations=613 (full 500):
 garbage-first heap   total 306176K, used 151405K [0x00000000c0000000, 0x0000000100000000)
  region size 1024K, 13 young (13312K), 2 survivors (2048K)
 Metaspace       used 70451K, committed 70976K, reserved 1114112K
  class space    used 9589K, committed 9856K, reserved 1048576K
}

