# JRE version: OpenJDK Runtime Environment Temurin-17.0.5+8 (17.0.5+8) (build 17.0.5+8)
# Java VM: OpenJDK 64-Bit Server VM Temurin-17.0.5+8 (17.0.5+8, mixed mode, tiered, compressed oops, compressed class ptrs, parallel gc, windows-amd64)
GC Precious Log:
 CPUs: 4 total, 4 available
 Memory: 4004M
 Large Page Support: Disabled
 NUMA Support: Disabled
 Compressed Oops: Enabled (32-bit)
 Alignments: Space 512K, Generation 512K, Heap 2M
 Heap Min Capacity: 100M
 Heap Initial Capacity: 100M
 Heap Max Capacity: 1G
 Pre-touch: Disabled
 Parallel Workers: 4
Heap:
 PSYoungGen      total 11264K, used 10744K [0x00000000eab00000, 0x00000000ebb00000, 0x0000000100000000)
  eden space 7680K, 99% used [0x00000000eab00000,0x00000000eb26d200,0x00000000eb280000)
  from space 3584K, 87% used [0x00000000eb600000,0x00000000eb9111d8,0x00000000eb980000)
  to   space 3584K, 0% used [0x00000000eb280000,0x00000000eb288000,0x00000000eb600000)
 ParOldGen       total 230912K, used 198749K [0x00000000c0000000, 0x00000000ce180000, 0x00000000eab00000)
  object space 230912K, 86% used [0x00000000c0000000,0x00000000cc217548,0x00000000ce180000)
 Metaspace       used 89075K, committed 90496K, reserved 1130496K
  class space    used 8921K, committed 9536K, reserved 1048576K
GC Heap History (20 events):
Event: 933.556 GC heap before
{Heap before GC invocations=1241 (full 39):
 PSYoungGen      total 9728K, used 8928K [0x00000000eab00000, 0x00000000eb580000, 0x0000000100000000)
  eden space 8704K, 96% used [0x00000000eab00000,0x00000000eb3381d0,0x00000000eb380000)
  from space 1024K, 50% used [0x00000000eb480000,0x00000000eb500000,0x00000000eb580000)
  to   space 1024K, 0% used [0x00000000eb380000,0x00000000eb380000,0x00000000eb480000)
 ParOldGen       total 230912K, used 196342K [0x00000000c0000000, 0x00000000ce180000, 0x00000000eab00000)
  object space 230912K, 85% used [0x00000000c0000000,0x00000000cbfbd840,0x00000000ce180000)
 Metaspace       used 89063K, committed 90432K, reserved 1130496K
  class space    used 8921K, committed 9536K, reserved 1048576K
}
Event: 933.557 GC heap after
{Heap after GC invocations=1241 (full 39):
 PSYoungGen      total 9728K, used 512K [0x00000000eab00000, 0x00000000eb580000, 0x0000000100000000)
  eden space 8704K, 0% used [0x00000000eab00000,0x00000000eab00000,0x00000000eb380000)
  from space 1024K, 50% used [0x00000000eb380000,0x00000000eb400000,0x00000000eb480000)
  to   space 1024K, 0% used [0x00000000eb480000,0x00000000eb480000,0x00000000eb580000)
 ParOldGen       total 230912K, used 196342K [0x00000000c0000000, 0x00000000ce180000, 0x00000000eab00000)
  object space 230912K, 85% used [0x00000000c0000000,0x00000000cbfbd840,0x00000000ce180000)
 Metaspace       used 89063K, committed 90432K, reserved 1130496K
  class space    used 8921K, committed 9536K, reserved 1048576K
}
Event: 933.610 GC heap before
{Heap before GC invocations=1242 (full 39):
 PSYoungGen      total 9728K, used 8839K [0x00000000eab00000, 0x00000000eb580000, 0x0000000100000000)
  eden space 8704K, 95% used [0x00000000eab00000,0x00000000eb321c28,0x00000000eb380000)
  from space 1024K, 50% used [0x00000000eb380000,0x00000000eb400000,0x00000000eb480000)
  to   space 1024K, 0% used [0x00000000eb480000,0x00000000eb480000,0x00000000eb580000)
 ParOldGen       total 230912K, used 196342K [0x00000000c0000000, 0x00000000ce180000, 0x00000000eab00000)
  object space 230912K, 85% used [0x00000000c0000000,0x00000000cbfbd840,0x00000000ce180000)
 Metaspace       used 89064K, committed 90432K, reserved 1130496K
  class space    used 8921K, committed 9536K, reserved 1048576K
}
Event: 933.612 GC heap after
{Heap after GC invocations=1242 (full 39):
 PSYoungGen      total 9728K, used 576K [0x00000000eab00000, 0x00000000eb580000, 0x0000000100000000)
  eden space 8704K, 0% used [0x00000000eab00000,0x00000000eab00000,0x00000000eb380000)
  from space 1024K, 56% used [0x00000000eb480000,0x00000000eb510000,0x00000000eb580000)
  to   space 1024K, 0% used [0x00000000eb380000,0x00000000eb380000,0x00000000eb480000)
 ParOldGen       total 230912K, used 196342K [0x00000000c0000000, 0x00000000ce180000, 0x00000000eab00000)
  object space 230912K, 85% used [0x00000000c0000000,0x00000000cbfbd840,0x00000000ce180000)
 Metaspace       used 89064K, committed 90432K, reserved 1130496K
  class space    used 8921K, committed 9536K, reserved 1048576K
}
Event: 933.664 GC heap before
{Heap before GC invocations=1243 (full 39):
 PSYoungGen      total 9728K, used 9280K [0x00000000eab00000, 0x00000000eb580000, 0x0000000100000000)
  eden space 8704K, 100% used [0x00000000eab00000,0x00000000eb380000,0x00000000eb380000)
  from space 1024K, 56% used [0x00000000eb480000,0x00000000eb510000,0x00000000eb580000)
  to   space 1024K, 0% used [0x00000000eb380000,0x00000000eb380000,0x00000000eb480000)
 ParOldGen       total 230912K, used 196342K [0x00000000c0000000, 0x00000000ce180000, 0x00000000eab00000)
  object space 230912K, 85% used [0x00000000c0000000,0x00000000cbfbd840,0x00000000ce180000)
 Metaspace       used 89064K, committed 90432K, reserved 1130496K
  class space    used 8921K, committed 9536K, reserved 1048576K
}
Event: 933.669 GC heap after
{Heap after GC invocations=1243 (full 39):
 PSYoungGen      total 9728K, used 916K [0x00000000eab00000, 0x00000000eb580000, 0x0000000100000000)
  eden space 8704K, 0% used [0x00000000eab00000,0x00000000eab00000,0x00000000eb380000)
  from space 1024K, 89% used [0x00000000eb380000,0x00000000eb4650a0,0x00000000eb480000)
  to   space 1024K, 0% used [0x00000000eb480000,0x00000000eb480000,0x00000000eb580000)
 ParOldGen       total 230912K, used 196342K [0x00000000c0000000, 0x00000000ce180000, 0x00000000eab00000)
  object space 230912K, 85% used [0x00000000c0000000,0x00000000cbfbd840,0x00000000ce180000)
 Metaspace       used 89064K, committed 90432K, reserved 1130496K
  class space    used 8921K, committed 9536K, reserved 1048576K
}
Event: 933.693 GC heap before
{Heap before GC invocations=1244 (full 39):
 PSYoungGen      total 9728K, used 8982K [0x00000000eab00000, 0x00000000eb580000, 0x0000000100000000)
  eden space 8704K, 92% used [0x00000000eab00000,0x00000000eb2e0998,0x00000000eb380000)
  from space 1024K, 89% used [0x00000000eb380000,0x00000000eb4650a0,0x00000000eb480000)
  to   space 1024K, 0% used [0x00000000eb480000,0x00000000eb480000,0x00000000eb580000)
 ParOldGen       total 230912K, used 196342K [0x00000000c0000000, 0x00000000ce180000, 0x00000000eab00000)
  object space 230912K, 85% used [0x00000000c0000000,0x00000000cbfbd840,0x00000000ce180000)
 Metaspace       used 89064K, committed 90432K, reserved 1130496K
  class space    used 8921K, committed 9536K, reserved 1048576K
}
Event: 933.696 GC heap after
{Heap after GC invocations=1244 (full 39):
 PSYoungGen      total 9728K, used 948K [0x00000000eab00000, 0x00000000eb580000, 0x0000000100000000)
  eden space 8704K, 0% used [0x00000000eab00000,0x00000000eab00000,0x00000000eb380000)
  from space 1024K, 92% used [0x00000000eb480000,0x00000000eb56d0a0,0x00000000eb580000)
  to   space 1024K, 0% used [0x00000000eb380000,0x00000000eb380000,0x00000000eb480000)
 ParOldGen       total 230912K, used 196342K [0x00000000c0000000, 0x00000000ce180000, 0x00000000eab00000)
  object space 230912K, 85% used [0x00000000c0000000,0x00000000cbfbd840,0x00000000ce180000)
 Metaspace       used 89064K, committed 90432K, reserved 1130496K
  class space    used 8921K, committed 9536K, reserved 1048576K
}
Event: 933.780 GC heap before
{Heap before GC invocations=1245 (full 39):
 PSYoungGen      total 9728K, used 9451K [0x00000000eab00000, 0x00000000eb580000, 0x0000000100000000)
  eden space 8704K, 97% used [0x00000000eab00000,0x00000000eb34dee0,0x00000000eb380000)
  from space 1024K, 92% used [0x00000000eb480000,0x00000000eb56d0a0,0x00000000eb580000)
  to   space 1024K, 0% used [0x00000000eb380000,0x00000000eb380000,0x00000000eb480000)
 ParOldGen       total 230912K, used 196342K [0x00000000c0000000, 0x00000000ce180000, 0x00000000eab00000)
  object space 230912K, 85% used [0x00000000c0000000,0x00000000cbfbd840,0x00000000ce180000)
 Metaspace       used 89064K, committed 90432K, reserved 1130496K
  class space    used 8921K, committed 9536K, reserved 1048576K
}
Event: 933.784 GC heap after
{Heap after GC invocations=1245 (full 39):
 PSYoungGen      total 9728K, used 1008K [0x00000000eab00000, 0x00000000eb580000, 0x0000000100000000)
  eden space 8704K, 0% used [0x00000000eab00000,0x00000000eab00000,0x00000000eb380000)
  from space 1024K, 98% used [0x00000000eb380000,0x00000000eb47c2b8,0x00000000eb480000)
  to   space 1024K, 0% used [0x00000000eb480000,0x00000000eb480000,0x00000000eb580000)
 ParOldGen       total 230912K, used 197430K [0x00000000c0000000, 0x00000000ce180000, 0x00000000eab00000)
  object space 230912K, 85% used [0x00000000c0000000,0x00000000cc0cd988,0x00000000ce180000)
 Metaspace       used 89064K, committed 90432K, reserved 1130496K
  class space    used 8921K, committed 9536K, reserved 1048576K
}
Event: 933.864 GC heap before
{Heap before GC invocations=1246 (full 39):
 PSYoungGen      total 9728K, used 9184K [0x00000000eab00000, 0x00000000eb580000, 0x0000000100000000)
  eden space 8704K, 93% used [0x00000000eab00000,0x00000000eb2fbfc8,0x00000000eb380000)
  from space 1024K, 98% used [0x00000000eb380000,0x00000000eb47c2b8,0x00000000eb480000)
  to   space 1024K, 0% used [0x00000000eb480000,0x00000000eb480000,0x00000000eb580000)
 ParOldGen       total 230912K, used 197430K [0x00000000c0000000, 0x00000000ce180000, 0x00000000eab00000)
  object space 230912K, 85% used [0x00000000c0000000,0x00000000cc0cd988,0x00000000ce180000)
 Metaspace       used 89068K, committed 90496K, reserved 1130496K
  class space    used 8921K, committed 9536K, reserved 1048576K
}
Event: 933.867 GC heap after
{Heap after GC invocations=1246 (full 39):
 PSYoungGen      total 9216K, used 996K [0x00000000eab00000, 0x00000000eb680000, 0x0000000100000000)
  eden space 8192K, 0% used [0x00000000eab00000,0x00000000eab00000,0x00000000eb300000)
  from space 1024K, 97% used [0x00000000eb480000,0x00000000eb579358,0x00000000eb580000)
  to   space 1536K, 0% used [0x00000000eb300000,0x00000000eb300000,0x00000000eb480000)
 ParOldGen       total 230912K, used 197590K [0x00000000c0000000, 0x00000000ce180000, 0x00000000eab00000)
  object space 230912K, 85% used [0x00000000c0000000,0x00000000cc0f5988,0x00000000ce180000)
 Metaspace       used 89068K, committed 90496K, reserved 1130496K
  class space    used 8921K, committed 9536K, reserved 1048576K
}
Event: 933.891 GC heap before
{Heap before GC invocations=1247 (full 39):
 PSYoungGen      total 9216K, used 8983K [0x00000000eab00000, 0x00000000eb680000, 0x0000000100000000)
  eden space 8192K, 97% used [0x00000000eab00000,0x00000000eb2cc930,0x00000000eb300000)
  from space 1024K, 97% used [0x00000000eb480000,0x00000000eb579358,0x00000000eb580000)
  to   space 1536K, 0% used [0x00000000eb300000,0x00000000eb300000,0x00000000eb480000)
 ParOldGen       total 230912K, used 197590K [0x00000000c0000000, 0x00000000ce180000, 0x00000000eab00000)
  object space 230912K, 85% used [0x00000000c0000000,0x00000000cc0f5988,0x00000000ce180000)
 Metaspace       used 89068K, committed 90496K, reserved 1130496K
  class space    used 8921K, committed 9536K, reserved 1048576K
}
Event: 933.893 GC heap after
{Heap after GC invocations=1247 (full 39):
 PSYoungGen      total 9728K, used 1152K [0x00000000eab00000, 0x00000000eb600000, 0x0000000100000000)
  eden space 8192K, 0% used [0x00000000eab00000,0x00000000eab00000,0x00000000eb300000)
  from space 1536K, 75% used [0x00000000eb300000,0x00000000eb420000,0x00000000eb480000)
  to   space 1536K, 0% used [0x00000000eb480000,0x00000000eb480000,0x00000000eb600000)
 ParOldGen       total 230912K, used 197590K [0x00000000c0000000, 0x00000000ce180000, 0x00000000eab00000)
  object space 230912K, 85% used [0x00000000c0000000,0x00000000cc0f5988,0x00000000ce180000)
 Metaspace       used 89068K, committed 90496K, reserved 1130496K
  class space    used 8921K, committed 9536K, reserved 1048576K
}
Event: 933.996 GC heap before
{Heap before GC invocations=1248 (full 39):
 PSYoungGen      total 9728K, used 9344K [0x00000000eab00000, 0x00000000eb600000, 0x0000000100000000)
  eden space 8192K, 100% used [0x00000000eab00000,0x00000000eb300000,0x00000000eb300000)
  from space 1536K, 75% used [0x00000000eb300000,0x00000000eb420000,0x00000000eb480000)
  to   space 1536K, 0% used [0x00000000eb480000,0x00000000eb480000,0x00000000eb600000)
 ParOldGen       total 230912K, used 197590K [0x00000000c0000000, 0x00000000ce180000, 0x00000000eab00000)
  object space 230912K, 85% used [0x00000000c0000000,0x00000000cc0f5988,0x00000000ce180000)
 Metaspace       used 89068K, committed 90496K, reserved 1130496K
  class space    used 8921K, committed 9536K, reserved 1048576K
}
Event: 933.998 GC heap after
{Heap after GC invocations=1248 (full 39):
 PSYoungGen      total 9216K, used 1508K [0x00000000eab00000, 0x00000000eb700000, 0x0000000100000000)
  eden space 7680K, 0% used [0x00000000eab00000,0x00000000eab00000,0x00000000eb280000)
  from space 1536K, 98% used [0x00000000eb480000,0x00000000eb5f9358,0x00000000eb600000)
  to   space 2048K, 0% used [0x00000000eb280000,0x00000000eb280000,0x00000000eb480000)
 ParOldGen       total 230912K, used 197614K [0x00000000c0000000, 0x00000000ce180000, 0x00000000eab00000)
  object space 230912K, 85% used [0x00000000c0000000,0x00000000cc0fb988,0x00000000ce180000)
 Metaspace       used 89068K, committed 90496K, reserved 1130496K
  class space    used 8921K, committed 9536K, reserved 1048576K
}
Event: 934.077 GC heap before
{Heap before GC invocations=1249 (full 39):
 PSYoungGen      total 9216K, used 9188K [0x00000000eab00000, 0x00000000eb700000, 0x0000000100000000)
  eden space 7680K, 100% used [0x00000000eab00000,0x00000000eb280000,0x00000000eb280000)
  from space 1536K, 98% used [0x00000000eb480000,0x00000000eb5f9358,0x00000000eb600000)
  to   space 2048K, 0% used [0x00000000eb280000,0x00000000eb280000,0x00000000eb480000)
 ParOldGen       total 230912K, used 197614K [0x00000000c0000000, 0x00000000ce180000, 0x00000000eab00000)
  object space 230912K, 85% used [0x00000000c0000000,0x00000000cc0fb988,0x00000000ce180000)
 Metaspace       used 89074K, committed 90496K, reserved 1130496K
  class space    used 8921K, committed 9536K, reserved 1048576K
}
Event: 934.084 GC heap after
{Heap after GC invocations=1249 (full 39):
 PSYoungGen      total 9728K, used 2043K [0x00000000eab00000, 0x00000000eb980000, 0x0000000100000000)
  eden space 7680K, 0% used [0x00000000eab00000,0x00000000eab00000,0x00000000eb280000)
  from space 2048K, 99% used [0x00000000eb280000,0x00000000eb47ef38,0x00000000eb480000)
  to   space 3584K, 0% used [0x00000000eb600000,0x00000000eb600000,0x00000000eb980000)
 ParOldGen       total 230912K, used 198661K [0x00000000c0000000, 0x00000000ce180000, 0x00000000eab00000)
  object space 230912K, 86% used [0x00000000c0000000,0x00000000cc201548,0x00000000ce180000)
 Metaspace       used 89074K, committed 90496K, reserved 1130496K
  class space    used 8921K, committed 9536K, reserved 1048576K
}
Event: 934.128 GC heap before
{Heap before GC invocations=1250 (full 39):
 PSYoungGen      total 9728K, used 9686K [0x00000000eab00000, 0x00000000eb980000, 0x0000000100000000)
  eden space 7680K, 99% used [0x00000000eab00000,0x00000000eb276c20,0x00000000eb280000)
  from space 2048K, 99% used [0x00000000eb280000,0x00000000eb47ef38,0x00000000eb480000)
  to   space 3584K, 0% used [0x00000000eb600000,0x00000000eb600000,0x00000000eb980000)
 ParOldGen       total 230912K, used 198661K [0x00000000c0000000, 0x00000000ce180000, 0x00000000eab00000)
  object space 230912K, 86% used [0x00000000c0000000,0x00000000cc201548,0x00000000ce180000)
 Metaspace       used 89074K, committed 90496K, reserved 1130496K
  class space    used 8921K, committed 9536K, reserved 1048576K
}
Event: 934.170 GC heap after
{Heap after GC invocations=1250 (full 39):
 PSYoungGen      total 11264K, used 3140K [0x00000000eab00000, 0x00000000ebb00000, 0x0000000100000000)
  eden space 7680K, 0% used [0x00000000eab00000,0x00000000eab00000,0x00000000eb280000)
  from space 3584K, 87% used [0x00000000eb600000,0x00000000eb9111d8,0x00000000eb980000)
  to   space 3584K, 0% used [0x00000000eb280000,0x00000000eb280000,0x00000000eb600000)
 ParOldGen       total 230912K, used 198749K [0x00000000c0000000, 0x00000000ce180000, 0x00000000eab00000)
  object space 230912K, 86% used [0x00000000c0000000,0x00000000cc217548,0x00000000ce180000)
 Metaspace       used 89074K, committed 90496K, reserved 1130496K
  class space    used 8921K, committed 9536K, reserved 1048576K
}

