# JRE version: OpenJDK Runtime Environment Temurin-17.0.5+8 (17.0.5+8) (build 17.0.5+8)
# Java VM: OpenJDK 64-Bit Server VM Temurin-17.0.5+8 (17.0.5+8, mixed mode, emulated-client, tiered, compressed oops, compressed class ptrs, g1 gc, windows-amd64)
GC Precious Log:
 CPUs: 4 total, 4 available
 Memory: 4004M
 Large Page Support: Disabled
 NUMA Support: Disabled
 Compressed Oops: Enabled (32-bit)
 Heap Region Size: 1M
 Heap Min Capacity: 8M
 Heap Initial Capacity: 64M
 Heap Max Capacity: 1G
 Pre-touch: Disabled
 Parallel Workers: 4
 Concurrent Workers: 1
 Concurrent Refinement Workers: 4
 Periodic GC: Disabled
Heap:
 garbage-first heap   total 324608K, used 197355K [0x00000000c0000000, 0x0000000100000000)
  region size 1024K, 6 young (6144K), 6 survivors (6144K)
 Metaspace       used 70149K, committed 70720K, reserved 1114112K
  class space    used 9532K, committed 9792K, reserved 1048576K
GC Heap History (20 events):
Event: 2803.283 GC heap after
{Heap after GC invocations=288 (full 148):
 garbage-first heap   total 327680K, used 95979K [0x00000000c0000000, 0x0000000100000000)
  region size 1024K, 0 young (0K), 0 survivors (0K)
 Metaspace       used 70148K, committed 70720K, reserved 1114112K
  class space    used 9532K, committed 9792K, reserved 1048576K
}
Event: 2813.636 GC heap before
{Heap before GC invocations=288 (full 148):
 garbage-first heap   total 327680K, used 95979K [0x00000000c0000000, 0x0000000100000000)
  region size 1024K, 1 young (1024K), 0 survivors (0K)
 Metaspace       used 70148K, committed 70720K, reserved 1114112K
  class space    used 9532K, committed 9792K, reserved 1048576K
}
Event: 2813.732 GC heap after
{Heap after GC invocations=289 (full 149):
 garbage-first heap   total 324608K, used 95979K [0x00000000c0000000, 0x0000000100000000)
  region size 1024K, 0 young (0K), 0 survivors (0K)
 Metaspace       used 70148K, committed 70720K, reserved 1114112K
  class space    used 9532K, committed 9792K, reserved 1048576K
}
Event: 2834.201 GC heap before
{Heap before GC invocations=289 (full 149):
 garbage-first heap   total 324608K, used 232171K [0x00000000c0000000, 0x0000000100000000)
  region size 1024K, 133 young (136192K), 0 survivors (0K)
 Metaspace       used 70148K, committed 70720K, reserved 1114112K
  class space    used 9532K, committed 9792K, reserved 1048576K
}
Event: 2834.211 GC heap after
{Heap after GC invocations=290 (full 149):
 garbage-first heap   total 324608K, used 101099K [0x00000000c0000000, 0x0000000100000000)
  region size 1024K, 5 young (5120K), 5 survivors (5120K)
 Metaspace       used 70148K, committed 70720K, reserved 1114112K
  class space    used 9532K, committed 9792K, reserved 1048576K
}
Event: 2854.761 GC heap before
{Heap before GC invocations=290 (full 149):
 garbage-first heap   total 324608K, used 240363K [0x00000000c0000000, 0x0000000100000000)
  region size 1024K, 141 young (144384K), 5 survivors (5120K)
 Metaspace       used 70148K, committed 70720K, reserved 1114112K
  class space    used 9532K, committed 9792K, reserved 1048576K
}
Event: 2854.764 GC heap after
{Heap after GC invocations=291 (full 149):
 garbage-first heap   total 324608K, used 98390K [0x00000000c0000000, 0x0000000100000000)
  region size 1024K, 3 young (3072K), 3 survivors (3072K)
 Metaspace       used 70148K, committed 70720K, reserved 1114112K
  class space    used 9532K, committed 9792K, reserved 1048576K
}
Event: 2855.792 GC heap before
{Heap before GC invocations=291 (full 149):
 garbage-first heap   total 324608K, used 245846K [0x00000000c0000000, 0x0000000100000000)
  region size 1024K, 147 young (150528K), 3 survivors (3072K)
 Metaspace       used 70148K, committed 70720K, reserved 1114112K
  class space    used 9532K, committed 9792K, reserved 1048576K
}
Event: 2855.813 GC heap after
{Heap after GC invocations=292 (full 149):
 garbage-first heap   total 324608K, used 111639K [0x00000000c0000000, 0x0000000100000000)
  region size 1024K, 16 young (16384K), 16 survivors (16384K)
 Metaspace       used 70148K, committed 70720K, reserved 1114112K
  class space    used 9532K, committed 9792K, reserved 1048576K
}
Event: 2867.111 GC heap before
{Heap before GC invocations=292 (full 149):
 garbage-first heap   total 324608K, used 250903K [0x00000000c0000000, 0x0000000100000000)
  region size 1024K, 150 young (153600K), 16 survivors (16384K)
 Metaspace       used 70148K, committed 70720K, reserved 1114112K
  class space    used 9532K, committed 9792K, reserved 1048576K
}
Event: 2867.123 GC heap after
{Heap after GC invocations=293 (full 149):
 garbage-first heap   total 324608K, used 111674K [0x00000000c0000000, 0x0000000100000000)
  region size 1024K, 13 young (13312K), 13 survivors (13312K)
 Metaspace       used 70148K, committed 70720K, reserved 1114112K
  class space    used 9532K, committed 9792K, reserved 1048576K
}
Event: 2868.612 GC heap before
{Heap before GC invocations=293 (full 149):
 garbage-first heap   total 324608K, used 250938K [0x00000000c0000000, 0x0000000100000000)
  region size 1024K, 146 young (149504K), 13 survivors (13312K)
 Metaspace       used 70148K, committed 70720K, reserved 1114112K
  class space    used 9532K, committed 9792K, reserved 1048576K
}
Event: 2868.670 GC heap after
{Heap after GC invocations=294 (full 149):
 garbage-first heap   total 324608K, used 141057K [0x00000000c0000000, 0x0000000100000000)
  region size 1024K, 19 young (19456K), 19 survivors (19456K)
 Metaspace       used 70148K, committed 70720K, reserved 1114112K
  class space    used 9532K, committed 9792K, reserved 1048576K
}
Event: 2869.204 GC heap before
{Heap before GC invocations=294 (full 149):
 garbage-first heap   total 324608K, used 253697K [0x00000000c0000000, 0x0000000100000000)
  region size 1024K, 124 young (126976K), 19 survivors (19456K)
 Metaspace       used 70148K, committed 70720K, reserved 1114112K
  class space    used 9532K, committed 9792K, reserved 1048576K
}
Event: 2869.249 GC heap after
{Heap after GC invocations=295 (full 149):
 garbage-first heap   total 324608K, used 161003K [0x00000000c0000000, 0x0000000100000000)
  region size 1024K, 16 young (16384K), 16 survivors (16384K)
 Metaspace       used 70148K, committed 70720K, reserved 1114112K
  class space    used 9532K, committed 9792K, reserved 1048576K
}
Event: 2869.454 GC heap before
{Heap before GC invocations=295 (full 149):
 garbage-first heap   total 324608K, used 253163K [0x00000000c0000000, 0x0000000100000000)
  region size 1024K, 106 young (108544K), 16 survivors (16384K)
 Metaspace       used 70148K, committed 70720K, reserved 1114112K
  class space    used 9532K, committed 9792K, reserved 1048576K
}
Event: 2869.493 GC heap after
{Heap after GC invocations=296 (full 149):
 garbage-first heap   total 324608K, used 176875K [0x00000000c0000000, 0x0000000100000000)
  region size 1024K, 14 young (14336K), 14 survivors (14336K)
 Metaspace       used 70148K, committed 70720K, reserved 1114112K
  class space    used 9532K, committed 9792K, reserved 1048576K
}
Event: 2869.847 GC heap before
{Heap before GC invocations=296 (full 149):
 garbage-first heap   total 324608K, used 260843K [0x00000000c0000000, 0x0000000100000000)
  region size 1024K, 93 young (95232K), 14 survivors (14336K)
 Metaspace       used 70148K, committed 70720K, reserved 1114112K
  class space    used 9532K, committed 9792K, reserved 1048576K
}
Event: 2869.888 GC heap after
{Heap after GC invocations=297 (full 149):
 garbage-first heap   total 324608K, used 190699K [0x00000000c0000000, 0x0000000100000000)
  region size 1024K, 12 young (12288K), 12 survivors (12288K)
 Metaspace       used 70148K, committed 70720K, reserved 1114112K
  class space    used 9532K, committed 9792K, reserved 1048576K
}
Event: 2870.873 GC heap before
{Heap before GC invocations=297 (full 149):
 garbage-first heap   total 324608K, used 261355K [0x00000000c0000000, 0x0000000100000000)
  region size 1024K, 81 young (82944K), 12 survivors (12288K)
 Metaspace       used 70149K, committed 70720K, reserved 1114112K
  class space    used 9532K, committed 9792K, reserved 1048576K
}

